[09:53:21] Config: {'model_name': 'openmed-community/AFM-4.5B-OpenMed-RL-CoT', 'middle_layers': (12, 13, 14, 15, 16, 17, 18, 19, 20, 21, 22, 23), 'seed': 42, 'calib_size': 400, 'val_size': 200, 'test_size': 300, 'stage1_topk': 64, 'stage1_eval_pairs': 80, 'stage2_eval_pairs': 400, 'random_baseline_cols': 32, 'z_threshold': 4.0, 'max_anchors': 64, 'k_values': (1, 2, 4, 8, 16, 32, 64), 'n_random_trials': 30, 'ablation_eval_pairs': 200, 'ablation_test_size': 300, 'discovery_file': 'anchors_afm_openmed_4_5b.json', 'ablation_file': 'ablation_afm_openmed_4_5b.json', 'log_file': 'experiment_afm_openmed_4_5b.log', 'intervention_type': 'column_crush_1bit'}
[09:53:21] Loading tokenizer + model (bf16, device_map=auto, trust_remote_code=True)...
[Probe] hidden=2560 intermediate=18432 layers=36 heads=20
[09:54:56] ============================================================
[09:54:56] ARCHITECTURE REPORT
[09:54:56] ============================================================
[09:54:56] Model class: ArceeForCausalLM
[09:54:56] Config model_type: arcee
[09:54:56] Hidden size: 2560
[09:54:56] Intermediate size (= MLP neurons per layer): 18432
[09:54:56] Num layers: 36
[09:54:56] Num attention heads: 20
[09:54:56] Layer 0 MLP submodules: ['up_proj', 'down_proj', 'act_fn']
[09:54:56] Configured middle_layers: [12, 13, 14, 15, 16, 17, 18, 19, 20, 21, 22, 23]
[09:54:56] ============================================================
[09:54:56] Loading MedQA train + test splits...
[09:55:01] Calib=400 Val=200 Test=300
[09:55:01] Building adversarial pairs (calib)...
[09:55:14] Built 192 calib pairs
[09:55:14] Building adversarial pairs (val)...
[09:55:21] Built 96 val pairs
[09:55:21] Discovery start. Layers=[12, 13, 14, 15, 16, 17, 18, 19, 20, 21, 22, 23] calib=192 val=96
[09:55:30] Calib baseline margin mean=1.853 std=1.365 frac_neg=0.01
[09:55:30] Val baseline margin mean=1.783 std=1.440
[09:55:30] Round-trip sanity: crushing layer=12 col=0, restoring, comparing margins...
[09:55:32] Round-trip OK (max diff = 0.00e+00)
[09:55:32] --- Layer 12 ---
[09:55:34]   Taylor top-64 cols. score range=[0.0006, 0.0034]
[09:56:57]   Random baseline: mu=-0.00165 sigma=0.00530
[09:59:49]   Stage 1 survivors: 32 (above mu_rand)
[10:01:42]   Layer 12 done in 370.0s. Anchors (z>4.0): 4
[10:01:42] --- Layer 13 ---
[10:01:44]   Taylor top-64 cols. score range=[0.0006, 0.0094]
[10:03:11]   Random baseline: mu=-0.00280 sigma=0.00391
[10:06:03]   Stage 1 survivors: 31 (above mu_rand)
[10:07:52]   Layer 13 done in 370.5s. Anchors (z>4.0): 4
[10:07:52] --- Layer 14 ---
[10:07:55]   Taylor top-64 cols. score range=[0.0007, 0.0031]
[10:09:21]   Random baseline: mu=-0.00250 sigma=0.00444
[10:12:13]   Stage 1 survivors: 32 (above mu_rand)
[10:14:06]   Layer 14 done in 373.6s. Anchors (z>4.0): 1
[10:14:06] --- Layer 15 ---
[10:14:09]   Taylor top-64 cols. score range=[0.0006, 0.0031]
[10:15:35]   Random baseline: mu=-0.00243 sigma=0.00646
[10:18:28]   Stage 1 survivors: 32 (above mu_rand)
[10:20:21]   Layer 15 done in 374.9s. Anchors (z>4.0): 0
[10:20:21] --- Layer 16 ---
[10:20:23]   Taylor top-64 cols. score range=[0.0009, 0.0035]
[10:21:50]   Random baseline: mu=-0.00223 sigma=0.00387
[10:24:42]   Stage 1 survivors: 29 (above mu_rand)
[10:26:24]   Layer 16 done in 363.5s. Anchors (z>4.0): 6
[10:26:24] --- Layer 17 ---
[10:26:27]   Taylor top-64 cols. score range=[0.0009, 0.0039]
[10:27:53]   Random baseline: mu=-0.00432 sigma=0.00442
[10:30:46]   Stage 1 survivors: 32 (above mu_rand)
[10:32:40]   Layer 17 done in 375.3s. Anchors (z>4.0): 4
[10:32:40] --- Layer 18 ---
[10:32:42]   Taylor top-64 cols. score range=[0.0008, 0.0055]
[10:34:09]   Random baseline: mu=-0.00541 sigma=0.00426
[10:37:01]   Stage 1 survivors: 32 (above mu_rand)
[10:38:54]   Layer 18 done in 374.5s. Anchors (z>4.0): 4
[10:38:54] --- Layer 19 ---
[10:38:57]   Taylor top-64 cols. score range=[0.0010, 0.0029]
[10:40:23]   Random baseline: mu=-0.00591 sigma=0.00451
[10:43:16]   Stage 1 survivors: 32 (above mu_rand)
[10:45:09]   Layer 19 done in 374.6s. Anchors (z>4.0): 5
[10:45:09] --- Layer 20 ---
[10:45:11]   Taylor top-64 cols. score range=[0.0011, 0.0058]
[10:46:37]   Random baseline: mu=-0.00256 sigma=0.00370
[10:49:30]   Stage 1 survivors: 29 (above mu_rand)
[10:51:12]   Layer 20 done in 363.6s. Anchors (z>4.0): 4
[10:51:12] --- Layer 21 ---
[10:51:15]   Taylor top-64 cols. score range=[0.0010, 0.0082]
[10:52:42]   Random baseline: mu=-0.00277 sigma=0.00412
[10:55:35]   Stage 1 survivors: 19 (above mu_rand)
[10:56:42]   Layer 21 done in 329.7s. Anchors (z>4.0): 3
[10:56:42] --- Layer 22 ---
[10:56:45]   Taylor top-64 cols. score range=[0.0009, 0.0105]
[10:58:11]   Random baseline: mu=-0.00292 sigma=0.00361
[11:01:04]   Stage 1 survivors: 19 (above mu_rand)
[11:02:11]   Layer 22 done in 328.5s. Anchors (z>4.0): 2
[11:02:11] --- Layer 23 ---
[11:02:13]   Taylor top-64 cols. score range=[0.0010, 0.0061]
[11:03:39]   Random baseline: mu=-0.00278 sigma=0.00374
[11:06:32]   Stage 1 survivors: 26 (above mu_rand)
[11:08:04]   Layer 23 done in 353.1s. Anchors (z>4.0): 1
[11:08:04] Discovery complete. Total anchors: 38
[11:08:04] Saved discovery to anchors_afm_openmed_4_5b.json (38 anchors)
[11:08:04] === Ablation sweep ===
[11:08:21] Baseline margin=1.8534 accuracy=0.4700
[11:08:21] --- K=1 ---
[11:13:56]   Anchor margin drop: +0.0425
[11:13:56]   Random margin drop: -0.0002 ± 0.0026  (z = +16.32)
[11:13:56]   Anchor accuracy drop: +0.0000
[11:13:56]   Random accuracy drop: +0.0023 ± 0.0030  (n=10)
[11:13:56]   Translation rate (acc_drop / margin_drop): +0.000
[11:13:56] --- K=2 ---
[11:19:32]   Anchor margin drop: +0.0798
[11:19:32]   Random margin drop: +0.0006 ± 0.0041  (z = +19.26)
[11:19:32]   Anchor accuracy drop: +0.0100
[11:19:32]   Random accuracy drop: +0.0043 ± 0.0021  (n=10)
[11:19:32]   Translation rate (acc_drop / margin_drop): +0.125
[11:19:32] --- K=4 ---
[11:25:08]   Anchor margin drop: +0.1122
[11:25:08]   Random margin drop: -0.0011 ± 0.0036  (z = +31.71)
[11:25:08]   Anchor accuracy drop: +0.0033
[11:25:08]   Random accuracy drop: -0.0020 ± 0.0058  (n=10)
[11:25:08]   Translation rate (acc_drop / margin_drop): +0.030
[11:25:08] --- K=8 ---
[11:30:45]   Anchor margin drop: +0.2126
[11:30:45]   Random margin drop: -0.0023 ± 0.0031  (z = +68.51)
[11:30:45]   Anchor accuracy drop: +0.0100
[11:30:45]   Random accuracy drop: +0.0020 ± 0.0048  (n=10)
[11:30:45]   Translation rate (acc_drop / margin_drop): +0.047
[11:30:45] --- K=16 ---
[11:36:20]   Anchor margin drop: +0.3672
[11:36:20]   Random margin drop: +0.0001 ± 0.0042  (z = +87.56)
[11:36:20]   Anchor accuracy drop: +0.0333
[11:36:20]   Random accuracy drop: +0.0013 ± 0.0043  (n=10)
[11:36:20]   Translation rate (acc_drop / margin_drop): +0.091
[11:36:20] --- K=32 ---
[11:41:55]   Anchor margin drop: +0.5302
[11:41:55]   Random margin drop: -0.0007 ± 0.0056  (z = +95.44)
[11:41:55]   Anchor accuracy drop: +0.0600
[11:41:55]   Random accuracy drop: -0.0010 ± 0.0052  (n=10)
[11:41:55]   Translation rate (acc_drop / margin_drop): +0.113
[11:41:55] Skipping K=64 (only 38 anchors)
[11:41:55] Saved ablation to ablation_afm_openmed_4_5b.json
[11:41:55] 
=== FINAL SUMMARY ===
[11:41:55] Baseline: margin=1.8534, accuracy=0.4700
[11:41:55]    K    AnchMarΔ    RandMarΔ    zMar    AnchAccΔ   TransRate
[11:41:55]    1     +0.0425     -0.0002  +16.32     +0.0000      +0.000
[11:41:55]    2     +0.0798     +0.0006  +19.26     +0.0100      +0.125
[11:41:55]    4     +0.1122     -0.0011  +31.71     +0.0033      +0.030
[11:41:55]    8     +0.2126     -0.0023  +68.51     +0.0100      +0.047
[11:41:55]   16     +0.3672     +0.0001  +87.56     +0.0333      +0.091
[11:41:55]   32     +0.5302     -0.0007  +95.44     +0.0600      +0.113
