========================================================================
MODEL: gemma4b (google/gemma-2b)
Anchors: 66
========================================================================

[1/4] Loading model...
[Probe] hidden=2048 intermediate=16384 layers=18 heads=8
  Architecture: layers=18, intermediate=16384

[2/4] Building/loading dataset pairs...
Building MedQA pairs (target n=400)...
  Built 190 MedQA pairs
Building MedMCQA pairs (target n=400, filtered)...
  MedMCQA: kept 400/1262 (dropped 862 wrong-at-baseline, frac=0.68)
Building PubMedQA pairs (binary yes/no, target n=400, filtered)...
  PubMedQA: kept 400/600 (dropped 200 wrong-at-baseline, frac=0.33)

[3/4] Computing baselines + per-anchor cross-dataset effects...
  medqa: n=190 mean_margin=0.269 std=0.160 frac_neg=0.00
  medmcqa: n=400 mean_margin=0.871 std=0.391 frac_neg=0.00
  pubmedqa: n=400 mean_margin=1.674 std=0.747 frac_neg=0.00
  Note: 18 anchors out-of-range, dropped.
  [01/48] L17 C 6857: mqa=-0.0000 (-0.000), mmcqa=-0.0000 (-0.000), pmqa=-0.0002 (-0.000)
  [02/48] L17 C 4970: mqa=-0.0000 (-0.000), mmcqa=+0.0005 (+0.001), pmqa=-0.0002 (-0.000)
  [03/48] L15 C 1192: mqa=-0.0003 (-0.001), mmcqa=+0.0001 (+0.000), pmqa=-0.0007 (-0.000)
  [04/48] L09 C10132: mqa=+0.0001 (+0.000), mmcqa=-0.0005 (-0.001), pmqa=-0.0007 (-0.000)
  [05/48] L12 C 8419: mqa=-0.0002 (-0.001), mmcqa=+0.0001 (+0.000), pmqa=-0.0005 (-0.000)
  [06/48] L13 C 1545: mqa=-0.0000 (-0.000), mmcqa=+0.0000 (+0.000), pmqa=+0.0003 (+0.000)
  [07/48] L09 C 8314: mqa=+0.0001 (+0.000), mmcqa=+0.0005 (+0.001), pmqa=+0.0001 (+0.000)
  [08/48] L15 C   95: mqa=-0.0001 (-0.000), mmcqa=+0.0000 (+0.000), pmqa=-0.0003 (-0.000)
  [09/48] L11 C 4480: mqa=-0.0003 (-0.001), mmcqa=+0.0003 (+0.000), pmqa=-0.0000 (-0.000)
  [10/48] L17 C 2697: mqa=+0.0000 (+0.000), mmcqa=-0.0000 (-0.000), pmqa=+0.0004 (+0.000)
  [11/48] L15 C 9541: mqa=-0.0001 (-0.000), mmcqa=-0.0001 (-0.000), pmqa=-0.0002 (-0.000)
  [12/48] L16 C 3433: mqa=-0.0001 (-0.000), mmcqa=-0.0008 (-0.001), pmqa=+0.0004 (+0.000)
  [13/48] L08 C 3347: mqa=+0.0001 (+0.000), mmcqa=-0.0013 (-0.001), pmqa=-0.0022 (-0.001)
  [14/48] L15 C 1827: mqa=-0.0002 (-0.001), mmcqa=+0.0002 (+0.000), pmqa=-0.0010 (-0.001)
  [15/48] L14 C 7080: mqa=-0.0005 (-0.002), mmcqa=-0.0003 (-0.000), pmqa=-0.0003 (-0.000)
  [16/48] L14 C 4189: mqa=+0.0000 (+0.000), mmcqa=+0.0000 (+0.000), pmqa=-0.0010 (-0.001)
  [17/48] L08 C 3977: mqa=-0.0002 (-0.001), mmcqa=-0.0001 (-0.000), pmqa=-0.0005 (-0.000)
  [18/48] L16 C 1761: mqa=-0.0000 (-0.000), mmcqa=-0.0006 (-0.001), pmqa=+0.0040 (+0.002)
  [19/48] L16 C 4146: mqa=-0.0001 (-0.000), mmcqa=-0.0000 (-0.000), pmqa=-0.0002 (-0.000)
  [20/48] L12 C 1855: mqa=-0.0002 (-0.001), mmcqa=+0.0001 (+0.000), pmqa=-0.0004 (-0.000)
  [21/48] L17 C 7170: mqa=+0.0001 (+0.000), mmcqa=+0.0002 (+0.000), pmqa=-0.0007 (-0.000)
  [22/48] L14 C 2521: mqa=-0.0006 (-0.002), mmcqa=+0.0001 (+0.000), pmqa=-0.0002 (-0.000)
  [23/48] L17 C10058: mqa=-0.0002 (-0.001), mmcqa=+0.0000 (+0.000), pmqa=+0.0003 (+0.000)
  [24/48] L14 C 4132: mqa=-0.0009 (-0.003), mmcqa=+0.0002 (+0.000), pmqa=+0.0010 (+0.001)
  [25/48] L16 C 2056: mqa=-0.0002 (-0.001), mmcqa=-0.0000 (-0.000), pmqa=-0.0001 (-0.000)
  [26/48] L09 C  832: mqa=-0.0011 (-0.004), mmcqa=-0.0036 (-0.004), pmqa=-0.0022 (-0.001)
  [27/48] L16 C 4273: mqa=-0.0002 (-0.001), mmcqa=-0.0004 (-0.000), pmqa=+0.0002 (+0.000)
  [28/48] L08 C 5386: mqa=-0.0010 (-0.004), mmcqa=-0.0002 (-0.000), pmqa=-0.0002 (-0.000)
  [29/48] L13 C 2345: mqa=-0.0007 (-0.003), mmcqa=+0.0005 (+0.001), pmqa=-0.0040 (-0.002)
  [30/48] L09 C 8192: mqa=-0.0002 (-0.001), mmcqa=-0.0020 (-0.002), pmqa=-0.0009 (-0.001)
  [31/48] L12 C 1995: mqa=-0.0007 (-0.003), mmcqa=+0.0003 (+0.000), pmqa=-0.0002 (-0.000)
  [32/48] L10 C 1826: mqa=-0.0002 (-0.001), mmcqa=+0.0002 (+0.000), pmqa=+0.0001 (+0.000)
  [33/48] L08 C 2877: mqa=-0.0007 (-0.003), mmcqa=+0.0007 (+0.001), pmqa=-0.0005 (-0.000)
  [34/48] L17 C 7513: mqa=+0.0002 (+0.001), mmcqa=-0.0005 (-0.001), pmqa=-0.0002 (-0.000)
  [35/48] L09 C 6724: mqa=-0.0004 (-0.001), mmcqa=-0.0005 (-0.001), pmqa=-0.0020 (-0.001)
  [36/48] L13 C  945: mqa=-0.0001 (-0.000), mmcqa=-0.0006 (-0.001), pmqa=-0.0009 (-0.001)
  [37/48] L16 C 8664: mqa=-0.0003 (-0.001), mmcqa=+0.0001 (+0.000), pmqa=-0.0000 (-0.000)
  [38/48] L10 C 3530: mqa=-0.0005 (-0.002), mmcqa=+0.0000 (+0.000), pmqa=+0.0001 (+0.000)
  [39/48] L08 C 1577: mqa=+0.0000 (+0.000), mmcqa=+0.0004 (+0.001), pmqa=-0.0004 (-0.000)
  [40/48] L10 C  183: mqa=+0.0002 (+0.001), mmcqa=+0.0004 (+0.000), pmqa=+0.0018 (+0.001)
  [41/48] L17 C 6148: mqa=+0.0003 (+0.001), mmcqa=+0.0000 (+0.000), pmqa=-0.0018 (-0.001)
  [42/48] L15 C  209: mqa=-0.0001 (-0.000), mmcqa=-0.0000 (-0.000), pmqa=+0.0003 (+0.000)
  [43/48] L10 C 5422: mqa=-0.0001 (-0.000), mmcqa=+0.0002 (+0.000), pmqa=+0.0005 (+0.000)
  [44/48] L17 C 5353: mqa=+0.0000 (+0.000), mmcqa=+0.0001 (+0.000), pmqa=+0.0011 (+0.001)
  [45/48] L12 C 4067: mqa=-0.0005 (-0.002), mmcqa=-0.0000 (-0.000), pmqa=+0.0001 (+0.000)
  [46/48] L16 C 6845: mqa=-0.0004 (-0.002), mmcqa=-0.0011 (-0.001), pmqa=-0.0004 (-0.000)
  [47/48] L15 C 1780: mqa=-0.0008 (-0.003), mmcqa=-0.0003 (-0.000), pmqa=+0.0000 (+0.000)
  [48/48] L10 C 8392: mqa=-0.0002 (-0.001), mmcqa=+0.0006 (+0.001), pmqa=-0.0013 (-0.001)

[4/4] Clustering anchors by cross-dataset effect profile...
  K chosen by silhouette: 5 (silhouette=0.372)

  Cluster summary (raw drops, mean ± std):
    C0 (n= 5): mqa=-0.0003±0.000, mmcqa=-0.0009±0.001, pmqa=-0.0019±0.001
    C1 (n=32): mqa=-0.0001±0.000, mmcqa=+0.0000±0.000, pmqa=-0.0002±0.001
    C2 (n= 1): mqa=-0.0000±0.000, mmcqa=-0.0006±0.000, pmqa=+0.0040±0.000
    C3 (n= 9): mqa=-0.0007±0.000, mmcqa=+0.0001±0.000, pmqa=-0.0000±0.000
    C4 (n= 1): mqa=-0.0011±0.000, mmcqa=-0.0036±0.000, pmqa=-0.0022±0.000

Saved: results/gemma4b_cross_dataset_results.json
